e:\my-work\software-code\zmqclientvs2019\zmqclient\zmqclient\x64\release\vc142.pdb
e:\my-work\software-code\zmqclientvs2019\zmqclient\zmqclient\x64\release\zmq_socket.obj
e:\my-work\software-code\zmqclientvs2019\zmqclient\zmqclient\x64\release\zmq_msg_handle.obj
e:\my-work\software-code\zmqclientvs2019\zmqclient\zmqclient\x64\release\zmq_msg.obj
e:\my-work\software-code\zmqclientvs2019\zmqclient\zmqclient\x64\release\toml_config.obj
e:\my-work\software-code\zmqclientvs2019\zmqclient\zmqclient\x64\release\timer.obj
e:\my-work\software-code\zmqclientvs2019\zmqclient\zmqclient\x64\release\socket_handle.obj
e:\my-work\software-code\zmqclientvs2019\zmqclient\zmqclient\x64\release\proxy_handle.obj
e:\my-work\software-code\zmqclientvs2019\zmqclient\zmqclient\x64\release\mycamera.obj
e:\my-work\software-code\zmqclientvs2019\zmqclient\zmqclient\x64\release\segrt.obj
e:\my-work\software-code\zmqclientvs2019\zmqclient\zmqclient\x64\release\baseinference.obj
e:\my-work\software-code\zmqclientvs2019\zmqclient\zmqclient\x64\release\agrithnmcontrol.obj
e:\my-work\software-code\zmqclientvs2019\zmqclient\zmqclient\x64\release\main.obj
e:\my-work\software-code\zmqclientvs2019\zmqclient\x64\release\zmqclient.exe
e:\my-work\software-code\zmqclientvs2019\zmqclient\zmqclient\x64\release\zmqclient.ipdb
e:\my-work\software-code\zmqclientvs2019\zmqclient\zmqclient\x64\release\zmqclient.iobj
e:\my-work\software-code\zmqclientvs2019\zmqclient\x64\release\zmqclient.pdb
e:\my-work\software-code\zmqclientvs2019\zmqclient\x64\release\zmqclient.lib
e:\my-work\software-code\zmqclientvs2019\zmqclient\x64\release\zmqclient.exp
e:\my-work\software-code\zmqclientvs2019\zmqclient\zmqclient\x64\release\zmqclient.tlog\cl.command.1.tlog
e:\my-work\software-code\zmqclientvs2019\zmqclient\zmqclient\x64\release\zmqclient.tlog\cl.read.1.tlog
e:\my-work\software-code\zmqclientvs2019\zmqclient\zmqclient\x64\release\zmqclient.tlog\cl.write.1.tlog
e:\my-work\software-code\zmqclientvs2019\zmqclient\zmqclient\x64\release\zmqclient.tlog\link.command.1.tlog
e:\my-work\software-code\zmqclientvs2019\zmqclient\zmqclient\x64\release\zmqclient.tlog\link.read.1.tlog
e:\my-work\software-code\zmqclientvs2019\zmqclient\zmqclient\x64\release\zmqclient.tlog\link.write.1.tlog
e:\my-work\software-code\zmqclientvs2019\zmqclient\zmqclient\x64\release\zmqclient.tlog\zmqclient.write.1u.tlog
